<?xml version="1.0" encoding="UTF-8"?>
<!-- Generated by org.testng.reporters.JUnitReportReporter -->
<testsuite skipped="0" hostname="ITL-LT-DL-242-09181050" name="com.intense.OpenUrl" tests="1" failures="0" timestamp="2023-03-15T17:46:21 IST" time="33.738" errors="0">
  <testcase name="googlePage" time="33.738" classname="com.intense.OpenUrl"/>
  <system-out/>
</testsuite> <!-- com.intense.OpenUrl -->
